<?xml version="1.0" encoding="UTF-8"?>
<!-- Generated by org.testng.reporters.JUnitXMLReporter -->
<testsuite ignored="0" hostname="DEEPBHOLE" failures="0" tests="6" name="Test" time="0.092" errors="0" timestamp="22 Apr 2021 03:55:43 GMT">
  <testcase classname="qaclickacademy.SeleniumTest" name="BrowserAUtomation" time="0.005"/>
  <testcase classname="qaclickacademy.SeleniumTest" name="elementsUi" time="0.0"/>
  <testcase classname="qaclickacademy.RESTAPITest" name="deleteTwitter" time="0.0"/>
  <testcase classname="qaclickacademy.RESTAPITest" name="postJira" time="0.001"/>
  <testcase classname="qaclickacademy.AppiumTest" name="IOSApps" time="0.0"/>
  <testcase classname="qaclickacademy.AppiumTest" name="NativeAPpAndroid" time="0.0"/>
</testsuite> <!-- Test -->
